0 info it worked if it ends with ok
1 verbose cli [ '/usr/local/bin/node',
1 verbose cli   '/usr/local/bin/npm',
1 verbose cli   'run',
1 verbose cli   'dev',
1 verbose cli   '--',
1 verbose cli   '--open' ]
2 info using npm@3.8.6
3 info using node@v5.12.0
4 verbose run-script [ 'predev', 'dev', 'postdev' ]
5 info lifecycle seedstorm@0.0.1~predev: seedstorm@0.0.1
6 silly lifecycle seedstorm@0.0.1~predev: no script for predev, continuing
7 info lifecycle seedstorm@0.0.1~dev: seedstorm@0.0.1
8 verbose lifecycle seedstorm@0.0.1~dev: unsafe-perm in lifecycle true
9 verbose lifecycle seedstorm@0.0.1~dev: PATH: /usr/local/lib/node_modules/npm/bin/node-gyp-bin:/home/rahul-pt6046/workspace/seedstorm/node_modules/.bin:/usr/local/bin:/home/rahul-pt6046/.assemblyai-cli:/home/rahul-pt6046/.assemblyai-cli:/home/rahul-pt6046/.cargo/bin:/home/rahul-pt6046/.local/bin:/usr/local/sbin:/usr/local/bin:/usr/sbin:/usr/bin:/sbin:/bin:/usr/games:/usr/local/games:/snap/bin:/usr/local/go/bin:/home/rahul-pt6046/.local/share/JetBrains/Toolbox/scripts:/home/rahul-pt6046/.local/bin:/home/rahul-pt6046/.spicetify:/home/rahul-pt6046/.local/bin:/home/rahul-pt6046/.spicetify
10 verbose lifecycle seedstorm@0.0.1~dev: CWD: /home/rahul-pt6046/workspace/seedstorm
11 silly lifecycle seedstorm@0.0.1~dev: Args: [ '-c', 'vite dev "--open"' ]
12 silly lifecycle seedstorm@0.0.1~dev: Returned: code: 1  signal: null
13 info lifecycle seedstorm@0.0.1~dev: Failed to exec dev script
14 verbose stack Error: seedstorm@0.0.1 dev: `vite dev "--open"`
14 verbose stack Exit status 1
14 verbose stack     at EventEmitter.<anonymous> (/usr/local/lib/node_modules/npm/lib/utils/lifecycle.js:239:16)
14 verbose stack     at emitTwo (events.js:100:13)
14 verbose stack     at EventEmitter.emit (events.js:185:7)
14 verbose stack     at ChildProcess.<anonymous> (/usr/local/lib/node_modules/npm/lib/utils/spawn.js:24:14)
14 verbose stack     at emitTwo (events.js:100:13)
14 verbose stack     at ChildProcess.emit (events.js:185:7)
14 verbose stack     at maybeClose (internal/child_process.js:850:16)
14 verbose stack     at Process.ChildProcess._handle.onexit (internal/child_process.js:215:5)
15 verbose pkgid seedstorm@0.0.1
16 verbose cwd /home/rahul-pt6046/workspace/seedstorm
17 error Linux 5.15.0-72-generic
18 error argv "/usr/local/bin/node" "/usr/local/bin/npm" "run" "dev" "--" "--open"
19 error node v5.12.0
20 error npm  v3.8.6
21 error code ELIFECYCLE
22 error seedstorm@0.0.1 dev: `vite dev "--open"`
22 error Exit status 1
23 error Failed at the seedstorm@0.0.1 dev script 'vite dev "--open"'.
23 error Make sure you have the latest version of node.js and npm installed.
23 error If you do, this is most likely a problem with the seedstorm package,
23 error not with npm itself.
23 error Tell the author that this fails on your system:
23 error     vite dev "--open"
23 error You can get information on how to open an issue for this project with:
23 error     npm bugs seedstorm
23 error Or if that isn't available, you can get their info via:
23 error     npm owner ls seedstorm
23 error There is likely additional logging output above.
24 verbose exit [ 1, true ]
